INFO - 开始爬取东方财富新闻 - 2025-07-06 01:19:16
INFO - 开始爬取股票 600519 的新闻，最大页数: 3 - 2025-07-06 01:19:16
INFO - 正在爬取第 1 页: http://guba.eastmoney.com/list,600519_1.html - 2025-07-06 01:19:16
INFO - 请求: http://guba.eastmoney.com/list,600519_1.html | 状态: 200 | 耗时: 0.06s - 2025-07-06 01:19:16
INFO - 第 1 页找到 80 个新闻项 - 2025-07-06 01:19:16
INFO - 第 1 页成功解析 80 条新闻 - 2025-07-06 01:19:16
INFO - 正在爬取第 2 页: http://guba.eastmoney.com/list,600519_2.html - 2025-07-06 01:19:17
INFO - 请求: http://guba.eastmoney.com/list,600519_2.html | 状态: 200 | 耗时: 0.08s - 2025-07-06 01:19:17
INFO - 第 2 页找到 80 个新闻项 - 2025-07-06 01:19:17
INFO - 第 2 页成功解析 80 条新闻 - 2025-07-06 01:19:17
INFO - 正在爬取第 3 页: http://guba.eastmoney.com/list,600519_3.html - 2025-07-06 01:19:18
INFO - 请求: http://guba.eastmoney.com/list,600519_3.html | 状态: 200 | 耗时: 0.13s - 2025-07-06 01:19:18
INFO - 第 3 页找到 80 个新闻项 - 2025-07-06 01:19:18
INFO - 第 3 页成功解析 80 条新闻 - 2025-07-06 01:19:18
INFO - 股票 600519 爬取完成 | 页数: 3 | 新闻数: 240 - 2025-07-06 01:19:18
INFO - 最终结果: DataFrame形状: (240, 10) - 2025-07-06 01:19:18
INFO - 前5行数据:
  stock_code                                  title  ... page           crawl_time
0     600519                             指数为饵 题材高低切  ...    1  2025-07-06 01:19:16
1     600519  当茅台酒600块钱左右15倍市盈率的时候。再考虑买入吧。也许得5年以后了。  ...    1  2025-07-06 01:19:16
2     600519                             我买过的股，寸草不生  ...    1  2025-07-06 01:19:16
3     600519                     快跌到一千吧。我要上车，然后退休养老  ...    1  2025-07-06 01:19:16
4     600519             中国上市公司综合竞争力评价报告放榜，四银行股跻身前十  ...    1  2025-07-06 01:19:16

[5 rows x 10 columns] - 2025-07-06 01:19:18
INFO - 结果已保存到: logs/eastmoney_news.csv - 2025-07-06 01:19:18
INFO - 爬取完成 - 2025-07-06 01:19:18
INFO - 开始爬取东方财富新闻 - 2025-07-06 01:44:23
INFO - 开始爬取股票 002594 的新闻，最大页数: 10，时间限制: 7天以内 - 2025-07-06 01:44:23
INFO - 时间限制点: 2025-06-29 01:44:23 - 2025-07-06 01:44:23
INFO - 正在爬取第 1 页: http://guba.eastmoney.com/list,002594_1.html - 2025-07-06 01:44:23
INFO - 请求: http://guba.eastmoney.com/list,002594_1.html | 状态: 200 | 耗时: 0.05s - 2025-07-06 01:44:23
INFO - 第 1 页找到 80 个新闻项 - 2025-07-06 01:44:23
INFO - 第 1 页成功解析 12 条新闻 - 2025-07-06 01:44:23
INFO - 股票 002594 爬取完成 | 页数: 1 | 新闻数: 12 - 2025-07-06 01:44:24
INFO - 最终结果: DataFrame形状: (12, 11) - 2025-07-06 01:44:24
INFO - 前5行数据:
  stock_code                                     title   author  ... source page           crawl_time
0     002594                汽车图谱｜比亚迪上半年销售超214万辆，智己同比下滑    比亚迪资讯  ...   东方财富    1  2025-07-06 01:44:23
1     002594                        比亚迪储能与国网湖南综能达成深度合作    比亚迪资讯  ...   东方财富    1  2025-07-06 01:44:23
2     002594                比亚迪储能与国网湖南综能达成合作，聚焦集散式储能电力    比亚迪资讯  ...   东方财富    1  2025-07-06 01:44:23
3     002594  比亚迪这么多牛B的技术，很多人都不知道，为什么不花钱推广一下，推广一下新技术很难  zxsm520  ...   东方财富    1  2025-07-06 01:44:23
4     002594  比亚迪的走法：360平台10天，345平台10天，现在330平台，估计也会有天左     非连续性  ...   东方财富    1  2025-07-06 01:44:23

[5 rows x 11 columns] - 2025-07-06 01:44:24
INFO - 数据时间范围: 2025-07-01 05:16:00 到 2025-07-05 12:04:00 - 2025-07-06 01:44:24
INFO - 结果已保存到: logs/eastmoney_news_002594.csv - 2025-07-06 01:44:24
INFO - 开始爬取股票 300474 的新闻，最大页数: 10，时间限制: 7天以内 - 2025-07-06 01:44:24
INFO - 时间限制点: 2025-06-29 01:44:24 - 2025-07-06 01:44:24
INFO - 正在爬取第 1 页: http://guba.eastmoney.com/list,300474_1.html - 2025-07-06 01:44:24
INFO - 请求: http://guba.eastmoney.com/list,300474_1.html | 状态: 200 | 耗时: 0.06s - 2025-07-06 01:44:24
INFO - 第 1 页找到 80 个新闻项 - 2025-07-06 01:44:24
INFO - 第 1 页成功解析 8 条新闻 - 2025-07-06 01:44:24
INFO - 股票 300474 爬取完成 | 页数: 1 | 新闻数: 8 - 2025-07-06 01:44:25
INFO - 最终结果: DataFrame形状: (8, 11) - 2025-07-06 01:44:25
INFO - 前5行数据:
  stock_code                                     title        author  ... source page           crawl_time
0     300474                                  苟看了都摇头的票       坚定的韭菜一枚  ...   东方财富    1  2025-07-06 01:44:24
1     300474          这个公司所有产品都尚存在不确定性，暂不会对公司业绩造成重大影响。  股友35q9139Z89  ...   东方财富    1  2025-07-06 01:44:24
2     300474                                 预估下周进入主升浪       刚入市的新韭菜  ...   东方财富    1  2025-07-06 01:44:24
3     300474                                 74没走肠子悔青了  股友8320H9Q097  ...   东方财富    1  2025-07-06 01:44:24
4     300474  GPU（传统图形处理器）专为图形渲染、游戏画面生成等。而GPGPU（通用计算模式         景嘉微股友  ...   东方财富    1  2025-07-06 01:44:24

[5 rows x 11 columns] - 2025-07-06 01:44:25
INFO - 数据时间范围: 2025-07-04 06:21:00 到 2025-07-05 11:26:00 - 2025-07-06 01:44:25
INFO - 结果已保存到: logs/eastmoney_news_300474.csv - 2025-07-06 01:44:25
INFO - 开始爬取股票 600036 的新闻，最大页数: 10，时间限制: 7天以内 - 2025-07-06 01:44:25
INFO - 时间限制点: 2025-06-29 01:44:25 - 2025-07-06 01:44:25
INFO - 正在爬取第 1 页: http://guba.eastmoney.com/list,600036_1.html - 2025-07-06 01:44:25
INFO - 请求: http://guba.eastmoney.com/list,600036_1.html | 状态: 200 | 耗时: 0.20s - 2025-07-06 01:44:26
INFO - 第 1 页找到 80 个新闻项 - 2025-07-06 01:44:26
INFO - 第 1 页成功解析 19 条新闻 - 2025-07-06 01:44:26
INFO - 股票 600036 爬取完成 | 页数: 1 | 新闻数: 19 - 2025-07-06 01:44:27
INFO - 最终结果: DataFrame形状: (19, 11) - 2025-07-06 01:44:27
INFO - 前5行数据:
  stock_code                            title  author  ... source page           crawl_time
0     600036                招商银行李云波获批出任招银金租董事  招商银行资讯  ...   东方财富    1  2025-07-06 01:44:26
1     600036  银行已势竭,证券/白酒股不发力3730点过不去,逢高卖出调仓。    译略采购  ...   东方财富    1  2025-07-06 01:44:26
2     600036                        这个月收益还不错啊    胡侃胡说  ...   东方财富    1  2025-07-06 01:44:26
3     600036       银行股再度走强，多股刷新历史新高，价值投资还适合吗？   黄哥品财经  ...   东方财富    1  2025-07-06 01:44:26
4     600036       中国上市公司综合竞争力评价报告放榜，四银行股跻身前十  工商银行资讯  ...   东方财富    1  2025-07-06 01:44:26

[5 rows x 11 columns] - 2025-07-06 01:44:27
INFO - 数据时间范围: 2025-07-01 05:16:00 到 2025-07-05 11:17:00 - 2025-07-06 01:44:27
INFO - 结果已保存到: logs/eastmoney_news_600036.csv - 2025-07-06 01:44:27
INFO - 爬取完成 - 2025-07-06 01:44:27
INFO - 开始爬取东方财富新闻 - 2025-07-06 01:59:01
INFO - 开始爬取股票 002594 的新闻，最大页数: 10，时间限制: 7天以内 - 2025-07-06 01:59:01
INFO - 时间限制点: 2025-06-29 01:59:01 - 2025-07-06 01:59:01
INFO - 正在爬取第 1 页: http://guba.eastmoney.com/list,002594_1.html - 2025-07-06 01:59:01
INFO - 请求: http://guba.eastmoney.com/list,002594_1.html | 状态: 200 | 耗时: 0.05s - 2025-07-06 01:59:01
INFO - 第 1 页找到 80 个新闻项 - 2025-07-06 01:59:01
INFO - 第 1 页成功解析 12 条新闻 - 2025-07-06 01:59:01
INFO - 股票 002594 爬取完成 | 页数: 1 | 新闻数: 12 - 2025-07-06 01:59:02
INFO - 最终结果: DataFrame形状: (12, 11) - 2025-07-06 01:59:02
INFO - 前5行数据:
  stock_code                                     title        author         time          parsed_time  ... reply_count                                                url source page           crawl_time
0     002594                汽车图谱｜比亚迪上半年销售超214万辆，智己同比下滑         比亚迪资讯  07-05 11:52  2025-07-05 11:52:00  ...          11  http://guba.eastmoney.com/news,002594,15679080...   东方财富    1  2025-07-06 01:59:01
1     002594                        比亚迪储能与国网湖南综能达成深度合作         比亚迪资讯  07-05 10:40  2025-07-05 10:40:00  ...          12  http://guba.eastmoney.com/news,002594,15679030...   东方财富    1  2025-07-06 01:59:01
2     002594                比亚迪储能与国网湖南综能达成合作，聚焦集散式储能电力         比亚迪资讯  07-05 12:04  2025-07-05 12:04:00  ...           6  http://guba.eastmoney.com/news,002594,15679086...   东方财富    1  2025-07-06 01:59:01
3     002594              比亚迪高管轮换，赵长江感觉就是背锅的，真正的问题在王传福  股友Ol88223787  07-05 11:39  2025-07-05 11:39:00  ...           2  http://guba.eastmoney.com/news,002594,15679419...   东方财富    1  2025-07-06 01:59:01
4     002594  比亚迪这么多牛B的技术，很多人都不知道，为什么不花钱推广一下，推广一下新技术很难       zxsm520  07-05 10:44  2025-07-05 10:44:00  ...           2  http://guba.eastmoney.com/news,002594,15679401...   东方财富    1  2025-07-06 01:59:01

[5 rows x 11 columns] - 2025-07-06 01:59:02
INFO - 数据时间范围: 2025-07-01 05:16:00 到 2025-07-05 12:04:00 - 2025-07-06 01:59:02
INFO - 结果已保存到: logs/eastmoney_news_002594.csv - 2025-07-06 01:59:02
INFO - 开始爬取股票 300474 的新闻，最大页数: 10，时间限制: 7天以内 - 2025-07-06 01:59:02
INFO - 时间限制点: 2025-06-29 01:59:02 - 2025-07-06 01:59:02
INFO - 正在爬取第 1 页: http://guba.eastmoney.com/list,300474_1.html - 2025-07-06 01:59:02
INFO - 请求: http://guba.eastmoney.com/list,300474_1.html | 状态: 200 | 耗时: 0.07s - 2025-07-06 01:59:02
INFO - 第 1 页找到 80 个新闻项 - 2025-07-06 01:59:02
INFO - 第 1 页成功解析 8 条新闻 - 2025-07-06 01:59:02
INFO - 股票 300474 爬取完成 | 页数: 1 | 新闻数: 8 - 2025-07-06 01:59:03
INFO - 最终结果: DataFrame形状: (8, 11) - 2025-07-06 01:59:03
INFO - 前5行数据:
  stock_code                                     title        author         time          parsed_time  ... reply_count                                                url source page           crawl_time
0     300474                                  苟看了都摇头的票       坚定的韭菜一枚  07-05 11:26  2025-07-05 11:26:00  ...           0  http://guba.eastmoney.com/news,300474,15679416...   东方财富    1  2025-07-06 01:59:02
1     300474          这个公司所有产品都尚存在不确定性，暂不会对公司业绩造成重大影响。  股友35q9139Z89  07-05 05:00  2025-07-05 05:00:00  ...           1  http://guba.eastmoney.com/news,300474,15679239...   东方财富    1  2025-07-06 01:59:02
2     300474                                 预估下周进入主升浪       刚入市的新韭菜  07-05 08:26  2025-07-05 08:26:00  ...           6  http://caifuhao.eastmoney.com/news/20250705202...   东方财富    1  2025-07-06 01:59:02
3     300474                                 74没走肠子悔青了  股友8320H9Q097  07-04 06:21  2025-07-04 06:21:00  ...          10  http://guba.eastmoney.com/news,300474,15678358...   东方财富    1  2025-07-06 01:59:02
4     300474  GPU（传统图形处理器）专为图形渲染、游戏画面生成等。而GPGPU（通用计算模式         景嘉微股友  07-04 08:45  2025-07-04 08:45:00  ...           3  http://guba.eastmoney.com/news,300474,15678657...   东方财富    1  2025-07-06 01:59:02

[5 rows x 11 columns] - 2025-07-06 01:59:03
INFO - 数据时间范围: 2025-07-04 06:21:00 到 2025-07-05 11:26:00 - 2025-07-06 01:59:03
INFO - 结果已保存到: logs/eastmoney_news_300474.csv - 2025-07-06 01:59:03
INFO - 开始爬取股票 600036 的新闻，最大页数: 10，时间限制: 7天以内 - 2025-07-06 01:59:03
INFO - 时间限制点: 2025-06-29 01:59:03 - 2025-07-06 01:59:03
INFO - 正在爬取第 1 页: http://guba.eastmoney.com/list,600036_1.html - 2025-07-06 01:59:03
INFO - 请求: http://guba.eastmoney.com/list,600036_1.html | 状态: 200 | 耗时: 0.06s - 2025-07-06 01:59:03
INFO - 第 1 页找到 80 个新闻项 - 2025-07-06 01:59:03
INFO - 第 1 页成功解析 19 条新闻 - 2025-07-06 01:59:03
INFO - 股票 600036 爬取完成 | 页数: 1 | 新闻数: 19 - 2025-07-06 01:59:04
INFO - 最终结果: DataFrame形状: (19, 11) - 2025-07-06 01:59:04
INFO - 前5行数据:
  stock_code                            title  author         time          parsed_time read_count reply_count                                                url source  page           crawl_time
0     600036                招商银行李云波获批出任招银金租董事  招商银行资讯  07-05 11:17  2025-07-05 11:17:00        177           0  http://guba.eastmoney.com/news,600036,15679058...   东方财富     1  2025-07-06 01:59:03
1     600036  银行已势竭,证券/白酒股不发力3730点过不去,逢高卖出调仓。    译略采购  07-05 11:05  2025-07-05 11:05:00        189           1  http://guba.eastmoney.com/news,600036,15679051...   东方财富     1  2025-07-06 01:59:03
2     600036                        这个月收益还不错啊    胡侃胡说  07-05 10:52  2025-07-05 10:52:00        270           2  http://guba.eastmoney.com/news,600036,15679041...   东方财富     1  2025-07-06 01:59:03
3     600036       银行股再度走强，多股刷新历史新高，价值投资还适合吗？   黄哥品财经  07-04 05:36  2025-07-04 05:36:00      67707          39  http://caifuhao.eastmoney.com/news/20250704173...   东方财富     1  2025-07-06 01:59:03
4     600036       中国上市公司综合竞争力评价报告放榜，四银行股跻身前十  工商银行资讯  07-01 05:16  2025-07-01 05:16:00      12537          91  http://guba.eastmoney.com/news,601398,15663236...   东方财富     1  2025-07-06 01:59:03 - 2025-07-06 01:59:04
INFO - 数据时间范围: 2025-07-01 05:16:00 到 2025-07-05 11:17:00 - 2025-07-06 01:59:04
INFO - 结果已保存到: logs/eastmoney_news_600036.csv - 2025-07-06 01:59:04
INFO - 爬取完成 - 2025-07-06 01:59:04
INFO - 开始爬取东方财富新闻 - 2025-07-06 02:02:52
INFO - 开始爬取股票 002594 的新闻，最大页数: 10，时间限制: 7天以内 - 2025-07-06 02:02:52
INFO - 时间限制点: 2025-06-29 02:02:52 - 2025-07-06 02:02:52
INFO - 正在爬取第 1 页: http://guba.eastmoney.com/list,002594_1.html - 2025-07-06 02:02:52
INFO - 请求: http://guba.eastmoney.com/list,002594_1.html | 状态: 200 | 耗时: 0.07s - 2025-07-06 02:02:52
INFO - 第 1 页找到 80 个新闻项 - 2025-07-06 02:02:52
INFO - 第 1 页成功解析 61 条新闻，过滤 19 条过期新闻 - 2025-07-06 02:02:52
INFO - 正在爬取第 2 页: http://guba.eastmoney.com/list,002594_2.html - 2025-07-06 02:02:53
INFO - 请求: http://guba.eastmoney.com/list,002594_2.html | 状态: 200 | 耗时: 0.11s - 2025-07-06 02:02:53
INFO - 第 2 页找到 80 个新闻项 - 2025-07-06 02:02:53
INFO - 第 2 页成功解析 34 条新闻，过滤 46 条过期新闻 - 2025-07-06 02:02:53
INFO - 正在爬取第 3 页: http://guba.eastmoney.com/list,002594_3.html - 2025-07-06 02:02:54
INFO - 请求: http://guba.eastmoney.com/list,002594_3.html | 状态: 200 | 耗时: 0.10s - 2025-07-06 02:02:54
INFO - 第 3 页找到 80 个新闻项 - 2025-07-06 02:02:54
INFO - 第 3 页成功解析 61 条新闻，过滤 19 条过期新闻 - 2025-07-06 02:02:54
INFO - 正在爬取第 4 页: http://guba.eastmoney.com/list,002594_4.html - 2025-07-06 02:02:55
INFO - 请求: http://guba.eastmoney.com/list,002594_4.html | 状态: 200 | 耗时: 0.10s - 2025-07-06 02:02:55
INFO - 第 4 页找到 80 个新闻项 - 2025-07-06 02:02:55
INFO - 第 4 页成功解析 12 条新闻，过滤 68 条过期新闻 - 2025-07-06 02:02:55
INFO - 第 4 页大部分新闻已过期，停止爬取后续页面 - 2025-07-06 02:02:55
INFO - 股票 002594 爬取完成 | 页数: 4 | 新闻数: 168 - 2025-07-06 02:02:55
INFO - 时间过滤统计: 总共过滤 152 条过期新闻 - 2025-07-06 02:02:55
INFO - 最终结果: DataFrame形状: (168, 11) - 2025-07-06 02:02:55
INFO - 前5行数据:
  stock_code                                     title        author         time          parsed_time  ... reply_count                                                url source page           crawl_time
0     002594                汽车图谱｜比亚迪上半年销售超214万辆，智己同比下滑         比亚迪资讯  07-05 11:52  2025-07-05 11:52:00  ...          11  http://guba.eastmoney.com/news,002594,15679080...   东方财富    1  2025-07-06 02:02:52
1     002594                        比亚迪储能与国网湖南综能达成深度合作         比亚迪资讯  07-05 10:40  2025-07-05 10:40:00  ...          12  http://guba.eastmoney.com/news,002594,15679030...   东方财富    1  2025-07-06 02:02:52
2     002594                比亚迪储能与国网湖南综能达成合作，聚焦集散式储能电力         比亚迪资讯  07-05 12:04  2025-07-05 12:04:00  ...           6  http://guba.eastmoney.com/news,002594,15679086...   东方财富    1  2025-07-06 02:02:52
3     002594              比亚迪高管轮换，赵长江感觉就是背锅的，真正的问题在王传福  股友Ol88223787  07-05 11:39  2025-07-05 11:39:00  ...           2  http://guba.eastmoney.com/news,002594,15679419...   东方财富    1  2025-07-06 02:02:52
4     002594  比亚迪这么多牛B的技术，很多人都不知道，为什么不花钱推广一下，推广一下新技术很难       zxsm520  07-05 10:44  2025-07-05 10:44:00  ...           2  http://guba.eastmoney.com/news,002594,15679401...   东方财富    1  2025-07-06 02:02:52

[5 rows x 11 columns] - 2025-07-06 02:02:55
INFO - 数据时间范围: 2025-07-01 05:16:00 到 2025-07-05 12:56:00 - 2025-07-06 02:02:55
INFO - 结果已保存到: logs/eastmoney_news_002594.csv - 2025-07-06 02:02:55
INFO - 开始爬取股票 300474 的新闻，最大页数: 10，时间限制: 7天以内 - 2025-07-06 02:02:55
INFO - 时间限制点: 2025-06-29 02:02:55 - 2025-07-06 02:02:55
INFO - 正在爬取第 1 页: http://guba.eastmoney.com/list,300474_1.html - 2025-07-06 02:02:55
INFO - 请求: http://guba.eastmoney.com/list,300474_1.html | 状态: 200 | 耗时: 0.06s - 2025-07-06 02:02:55
INFO - 第 1 页找到 80 个新闻项 - 2025-07-06 02:02:55
INFO - 第 1 页成功解析 78 条新闻，过滤 2 条过期新闻 - 2025-07-06 02:02:55
INFO - 正在爬取第 2 页: http://guba.eastmoney.com/list,300474_2.html - 2025-07-06 02:02:56
INFO - 请求: http://guba.eastmoney.com/list,300474_2.html | 状态: 200 | 耗时: 0.09s - 2025-07-06 02:02:56
INFO - 第 2 页找到 80 个新闻项 - 2025-07-06 02:02:56
INFO - 第 2 页成功解析 77 条新闻，过滤 3 条过期新闻 - 2025-07-06 02:02:56
INFO - 正在爬取第 3 页: http://guba.eastmoney.com/list,300474_3.html - 2025-07-06 02:02:57
INFO - 请求: http://guba.eastmoney.com/list,300474_3.html | 状态: 200 | 耗时: 0.10s - 2025-07-06 02:02:57
INFO - 第 3 页找到 80 个新闻项 - 2025-07-06 02:02:57
INFO - 第 3 页成功解析 80 条新闻，过滤 0 条过期新闻 - 2025-07-06 02:02:57
INFO - 正在爬取第 4 页: http://guba.eastmoney.com/list,300474_4.html - 2025-07-06 02:02:58
INFO - 请求: http://guba.eastmoney.com/list,300474_4.html | 状态: 200 | 耗时: 0.11s - 2025-07-06 02:02:59
INFO - 第 4 页找到 80 个新闻项 - 2025-07-06 02:02:59
INFO - 第 4 页成功解析 76 条新闻，过滤 4 条过期新闻 - 2025-07-06 02:02:59
INFO - 正在爬取第 5 页: http://guba.eastmoney.com/list,300474_5.html - 2025-07-06 02:03:00
INFO - 请求: http://guba.eastmoney.com/list,300474_5.html | 状态: 200 | 耗时: 0.08s - 2025-07-06 02:03:00
INFO - 第 5 页找到 80 个新闻项 - 2025-07-06 02:03:00
INFO - 第 5 页成功解析 51 条新闻，过滤 29 条过期新闻 - 2025-07-06 02:03:00
INFO - 正在爬取第 6 页: http://guba.eastmoney.com/list,300474_6.html - 2025-07-06 02:03:01
INFO - 请求: http://guba.eastmoney.com/list,300474_6.html | 状态: 200 | 耗时: 0.11s - 2025-07-06 02:03:01
INFO - 第 6 页找到 80 个新闻项 - 2025-07-06 02:03:01
INFO - 第 6 页成功解析 0 条新闻，过滤 80 条过期新闻 - 2025-07-06 02:03:01
INFO - 第 6 页大部分新闻已过期，停止爬取后续页面 - 2025-07-06 02:03:01
INFO - 股票 300474 爬取完成 | 页数: 6 | 新闻数: 362 - 2025-07-06 02:03:01
INFO - 时间过滤统计: 总共过滤 118 条过期新闻 - 2025-07-06 02:03:01
INFO - 最终结果: DataFrame形状: (362, 11) - 2025-07-06 02:03:01
INFO - 前5行数据:
  stock_code                                     title        author         time          parsed_time  ... reply_count                                                url source page           crawl_time
0     300474                                  苟看了都摇头的票       坚定的韭菜一枚  07-05 11:26  2025-07-05 11:26:00  ...           0  http://guba.eastmoney.com/news,300474,15679416...   东方财富    1  2025-07-06 02:02:55
1     300474          这个公司所有产品都尚存在不确定性，暂不会对公司业绩造成重大影响。  股友35q9139Z89  07-05 05:00  2025-07-05 05:00:00  ...           1  http://guba.eastmoney.com/news,300474,15679239...   东方财富    1  2025-07-06 02:02:55
2     300474                                 预估下周进入主升浪       刚入市的新韭菜  07-05 08:26  2025-07-05 08:26:00  ...           6  http://caifuhao.eastmoney.com/news/20250705202...   东方财富    1  2025-07-06 02:02:55
3     300474                                 74没走肠子悔青了  股友8320H9Q097  07-04 06:21  2025-07-04 06:21:00  ...          10  http://guba.eastmoney.com/news,300474,15678358...   东方财富    1  2025-07-06 02:02:55
4     300474  GPU（传统图形处理器）专为图形渲染、游戏画面生成等。而GPGPU（通用计算模式         景嘉微股友  07-04 08:45  2025-07-04 08:45:00  ...           3  http://guba.eastmoney.com/news,300474,15678657...   东方财富    1  2025-07-06 02:02:55

[5 rows x 11 columns] - 2025-07-06 02:03:01
INFO - 数据时间范围: 2025-06-29 03:10:00 到 2025-07-05 11:26:00 - 2025-07-06 02:03:01
INFO - 结果已保存到: logs/eastmoney_news_300474.csv - 2025-07-06 02:03:01
INFO - 开始爬取股票 600036 的新闻，最大页数: 10，时间限制: 7天以内 - 2025-07-06 02:03:01
INFO - 时间限制点: 2025-06-29 02:03:01 - 2025-07-06 02:03:01
INFO - 正在爬取第 1 页: http://guba.eastmoney.com/list,600036_1.html - 2025-07-06 02:03:01
INFO - 请求: http://guba.eastmoney.com/list,600036_1.html | 状态: 200 | 耗时: 0.06s - 2025-07-06 02:03:01
INFO - 第 1 页找到 80 个新闻项 - 2025-07-06 02:03:01
INFO - 第 1 页成功解析 78 条新闻，过滤 2 条过期新闻 - 2025-07-06 02:03:01
INFO - 正在爬取第 2 页: http://guba.eastmoney.com/list,600036_2.html - 2025-07-06 02:03:02
INFO - 请求: http://guba.eastmoney.com/list,600036_2.html | 状态: 200 | 耗时: 0.10s - 2025-07-06 02:03:02
INFO - 第 2 页找到 80 个新闻项 - 2025-07-06 02:03:02
INFO - 第 2 页成功解析 78 条新闻，过滤 2 条过期新闻 - 2025-07-06 02:03:02
INFO - 正在爬取第 3 页: http://guba.eastmoney.com/list,600036_3.html - 2025-07-06 02:03:03
INFO - 请求: http://guba.eastmoney.com/list,600036_3.html | 状态: 200 | 耗时: 0.09s - 2025-07-06 02:03:03
INFO - 第 3 页找到 80 个新闻项 - 2025-07-06 02:03:03
INFO - 第 3 页成功解析 74 条新闻，过滤 6 条过期新闻 - 2025-07-06 02:03:03
INFO - 正在爬取第 4 页: http://guba.eastmoney.com/list,600036_4.html - 2025-07-06 02:03:04
INFO - 请求: http://guba.eastmoney.com/list,600036_4.html | 状态: 200 | 耗时: 0.11s - 2025-07-06 02:03:04
INFO - 第 4 页找到 80 个新闻项 - 2025-07-06 02:03:04
INFO - 第 4 页成功解析 75 条新闻，过滤 5 条过期新闻 - 2025-07-06 02:03:04
INFO - 正在爬取第 5 页: http://guba.eastmoney.com/list,600036_5.html - 2025-07-06 02:03:05
INFO - 请求: http://guba.eastmoney.com/list,600036_5.html | 状态: 200 | 耗时: 0.11s - 2025-07-06 02:03:06
INFO - 第 5 页找到 80 个新闻项 - 2025-07-06 02:03:06
INFO - 第 5 页成功解析 24 条新闻，过滤 56 条过期新闻 - 2025-07-06 02:03:06
INFO - 正在爬取第 6 页: http://guba.eastmoney.com/list,600036_6.html - 2025-07-06 02:03:07
INFO - 请求: http://guba.eastmoney.com/list,600036_6.html | 状态: 200 | 耗时: 0.10s - 2025-07-06 02:03:07
INFO - 第 6 页找到 80 个新闻项 - 2025-07-06 02:03:07
INFO - 第 6 页成功解析 0 条新闻，过滤 80 条过期新闻 - 2025-07-06 02:03:07
INFO - 第 6 页大部分新闻已过期，停止爬取后续页面 - 2025-07-06 02:03:07
INFO - 股票 600036 爬取完成 | 页数: 6 | 新闻数: 329 - 2025-07-06 02:03:07
INFO - 时间过滤统计: 总共过滤 151 条过期新闻 - 2025-07-06 02:03:07
INFO - 最终结果: DataFrame形状: (329, 11) - 2025-07-06 02:03:07
INFO - 前5行数据:
  stock_code                            title  author         time          parsed_time read_count reply_count                                                url source  page           crawl_time
0     600036                招商银行李云波获批出任招银金租董事  招商银行资讯  07-05 11:17  2025-07-05 11:17:00        179           0  http://guba.eastmoney.com/news,600036,15679058...   东方财富     1  2025-07-06 02:03:01
1     600036  银行已势竭,证券/白酒股不发力3730点过不去,逢高卖出调仓。    译略采购  07-05 11:05  2025-07-05 11:05:00        189           1  http://guba.eastmoney.com/news,600036,15679051...   东方财富     1  2025-07-06 02:03:01
2     600036                        这个月收益还不错啊    胡侃胡说  07-05 10:52  2025-07-05 10:52:00        270           2  http://guba.eastmoney.com/news,600036,15679041...   东方财富     1  2025-07-06 02:03:01
3     600036       银行股再度走强，多股刷新历史新高，价值投资还适合吗？   黄哥品财经  07-04 05:36  2025-07-04 05:36:00      67716          39  http://caifuhao.eastmoney.com/news/20250704173...   东方财富     1  2025-07-06 02:03:01
4     600036       中国上市公司综合竞争力评价报告放榜，四银行股跻身前十  工商银行资讯  07-01 05:16  2025-07-01 05:16:00      12538          91  http://guba.eastmoney.com/news,601398,15663236...   东方财富     1  2025-07-06 02:03:01 - 2025-07-06 02:03:07
INFO - 数据时间范围: 2025-06-29 03:04:00 到 2025-07-05 11:17:00 - 2025-07-06 02:03:07
INFO - 结果已保存到: logs/eastmoney_news_600036.csv - 2025-07-06 02:03:07
INFO - 爬取完成 - 2025-07-06 02:03:07
